DTMS_v2/build/outputs/mapping/release/seeds.txt
com.neognp.dtmsapp_v1.cust.NoticeDetailActivity: void onClick(android.view.View)
com.neognp.dtmsapp_v1.cust.LocationActivity
com.neognp.dtmsapp_v1.admin.MainActivity$1
com.neognp.dtmsapp_v1.popup.PopClient
com.neognp.dtmsapp_v1.car.LocationActivity
com.neognp.dtmsapp_v1.car.MainActivity$2
com.neognp.dtmsapp_v1.popup.PopDept: PopDept()
com.neognp.dtmsapp_v1.car.PalletActivity$1
com.neognp.dtmsapp_v1.cust.NoticeDetailActivity
com.neognp.dtmsapp_v1.gps.GpsTrackingService
com.neognp.dtmsapp_v1.car.DispatchRequestActivity
com.neognp.dtmsapp_v1.cust.OrderActivity: OrderActivity()
com.neognp.dtmsapp_v1.cust.LocationActivity: LocationActivity()
com.neognp.dtmsapp_v1.cust.MainActivity: void onClick(android.view.View)
com.neognp.dtmsapp_v1.cust.MainActivity: MainActivity()
com.neognp.dtmsapp_v1.car.YDispatchListActivity$ListAdapter$ListItemView$3: void onClick(android.view.View)
com.neognp.dtmsapp_v1.car.PalletCameraFragment: PalletCameraFragment()
com.neognp.dtmsapp_v1.car.PalletInActivity: void onClick(android.view.View)
com.neognp.dtmsapp_v1.car.DispatchListActivity$1
com.neognp.dtmsapp_v1.car.PalletOutActivity: void onClick(android.view.View)
com.neognp.dtmsapp_v1.popup.PopClient: PopClient()
com.neognp.dtmsapp_v1.cust.OrderNewActivity$2
com.neognp.dtmsapp_v1.car.MainActivity$2: void onClick(android.view.View)
com.neognp.dtmsapp_v1.car.PalletActivity$1: void onClick(android.view.View)
com.neognp.dtmsapp_v1.cust.OrderNewActivity: OrderNewActivity()
com.neognp.dtmsapp_v1.car.PalletCameraActivity
com.neognp.dtmsapp_v1.cust.OrderActivity
com.neognp.dtmsapp_v1.cust.NoticeListActivity: NoticeListActivity()
com.neognp.dtmsapp_v1.car.MainActivity$1: void onClick(android.view.View)
com.neognp.dtmsapp_v1.admin.LocationActivity: LocationActivity()
com.neognp.dtmsapp_v1.popup.PopDept$ListAdapter$ListItemView$1
com.neognp.dtmsapp_v1.cust.OrderNewActivity: void onClick(android.view.View)
com.neognp.dtmsapp_v1.car.NoticeListActivity: void onClick(android.view.View)
com.neognp.dtmsapp_v1.car.DispatchListActivity$ListAdapter$ListItemView$4: void onClick(android.view.View)
com.neognp.dtmsapp_v1.cust.DispatchListActivity: void onClick(android.view.View)
com.neognp.dtmsapp_v1.admin.DispatchListActivity$1: void onClick(android.view.View)
com.neognp.dtmsapp_v1.app.MyApp: MyApp()
com.neognp.dtmsapp_v1.fcm.MyFirebaseMessagingService
com.neognp.dtmsapp_v1.car.YDispatchListActivity$ListAdapter$ListItemView$2
com.neognp.dtmsapp_v1.car.ReceiptCameraActivity: void onClick(android.view.View)
com.neognp.dtmsapp_v1.cust.DispatchListActivity$ListAdapter$ListItemView$2
com.neognp.dtmsapp_v1.popup.PopItem$ListAdapter$ListItemView$1: void onClick(android.view.View)
com.neognp.dtmsapp_v1.car.PalletActivity: void onClick(android.view.View)
com.neognp.dtmsapp_v1.car.LoadListActivity: void onClick(android.view.View)
com.neognp.dtmsapp_v1.popup.PopClient$ListAdapter$ListItemView$1: void onClick(android.view.View)
com.neognp.dtmsapp_v1.admin.LocationActivity
com.neognp.dtmsapp_v1.admin.DispatchListActivity: DispatchListActivity()
com.neognp.dtmsapp_v1.car.DispatchListActivity$1: void onClick(android.view.View)
com.neognp.dtmsapp_v1.cust.CarInfoDialog$2: void onClick(android.view.View)
com.neognp.dtmsapp_v1.car.ReceiptCameraFragment: ReceiptCameraFragment()
com.neognp.dtmsapp_v1.car.YDispatchListActivity$ListAdapter$ListItemView$4
com.neognp.dtmsapp_v1.car.RecordListActivity
com.neognp.dtmsapp_v1.cust.OrderNewActivity$1
com.neognp.dtmsapp_v1.car.YDispatchListActivity$ListAdapter$ListItemView$1: void onClick(android.view.View)
com.neognp.dtmsapp_v1.admin.DispatchListActivity: void onClick(android.view.View)
com.neognp.dtmsapp_v1.cust.CarInfoDialog$1: void onClick(android.view.View)
com.neognp.dtmsapp_v1.car.PalletCameraFragment
com.neognp.dtmsapp_v1.car.LocationActivity: LocationActivity()
com.neognp.dtmsapp_v1.cust.NoticeListActivity: void onClick(android.view.View)
com.neognp.dtmsapp_v1.car.LocationActivity$2$1
...
com.karumi.dexter.R$styleable: int StateListDrawable_android_enterFadeDuration
com.google.android.material.internal.NavigationMenuView: int getWindowAnimations()
com.google.android.material.internal.CheckableImageButton: void setPressed(boolean)
androidx.vectordrawable.graphics.drawable.VectorDrawableCompat$VGroup: java.lang.String getGroupName()
com.karumi.dexter.R$styleable: int CollapsingToolbarLayout_expandedTitleMarginTop
com.karumi.dexter.R$attr: int layout
com.karumi.dexter.R$dimen: int mtrl_textinput_box_stroke_width_default
com.google.android.gms.internal.vision.zzfi$zzg
com.google.android.material.bottomappbar.BottomAppBar: com.google.android.material.bottomappbar.BottomAppBarTopEdgeTreatment getTopEdgeTreatment()
com.karumi.dexter.R$styleable: int[] CompoundButton
androidx.appcompat.widget.ActionBarContainer: void setPrimaryBackground(android.graphics.drawable.Drawable)
com.karumi.dexter.R$layout: int abc_search_dropdown_item_icons_2line
com.google.android.material.internal.CheckableImageButton: void setChecked(boolean)
com.google.android.libraries.barhopper.Barcode$FlightSegment: java.lang.String seatNumber
androidx.appcompat.widget.AppCompatButton: void setBackgroundDrawable(android.graphics.drawable.Drawable)
com.google.android.material.snackbar.BaseTransientBottomBar$Behavior
androidx.swiperefreshlayout.widget.SwipeRefreshLayout: void setProgressBackgroundColorSchemeResource(int)
com.google.android.gms.cloudmessaging.zza: android.os.Parcelable$Creator CREATOR
com.karumi.dexter.R$attr: int showAsAction
com.google.android.material.snackbar.Snackbar$SnackbarLayout: void setBackgroundDrawable(android.graphics.drawable.Drawable)
com.google.android.gms.internal.vision.zzfi$zza: com.google.android.gms.internal.vision.zzfi$zza zzf
androidx.appcompat.widget.ActionBarContextView: void setSubtitle(java.lang.CharSequence)
com.karumi.dexter.R$id: int image
com.karumi.dexter.R$dimen: int mtrl_card_elevation
com.karumi.dexter.R$dimen: int disabled_alpha_material_light
com.google.android.material.internal.ForegroundLinearLayout
androidx.appcompat.widget.AppCompatButton: void setSupportBackgroundTintList(android.content.res.ColorStateList)
com.karumi.dexter.listener.single.SnackbarOnPermanentlyDeniedPermissionListener$Builder: android.view.View$OnClickListener onClickListener
com.google.android.material.internal.NavigationMenuItemView: void setTextColor(android.content.res.ColorStateList)
android.support.v4.graphics.drawable.IconCompatParcelizer
com.karumi.dexter.R$attr: int counterTextAppearance
com.google.android.gms.internal.measurement.zzbv$zzd: int zzd
com.skt.Tmap.TMapView: void setArTile(com.skt.Tmap.TMapView$Tile)
androidx.appcompat.view.menu.ListMenuItemView: androidx.appcompat.view.menu.MenuItemImpl getItemData()
com.karumi.dexter.R$style: int TextAppearance_MaterialComponents_Subtitle1
com.otaliastudios.cameraview.CameraView: com.otaliastudios.cameraview.controls.Flash getFlash()
com.karumi.dexter.R$color: int bright_foreground_disabled_material_light
androidx.appcompat.widget.ContentFrameLayout: android.util.TypedValue getMinWidthMinor()
androidx.recyclerview.widget.RecyclerView: long getNanoTime()
androidx.appcompat.widget.AbsActionBarView: int getAnimatedVisibility()
androidx.appcompat.widget.SearchView$5: void onClick(android.view.View)
com.karumi.dexter.R$color: int foreground_material_dark
com.karumi.dexter.listener.single.SnackbarOnDeniedPermissionListener: java.lang.String buttonText
com.karumi.dexter.listener.multi.SnackbarOnAnyPermanentlyDeniedMultiplePermissionsListener: com.google.android.material.snackbar.Snackbar$Callback snackbarCallback
com.karumi.dexter.DexterInstance: void updatePermissionsAsGranted(java.util.Collection)
com.karumi.dexter.R$drawable: int design_snackbar_background
com.karumi.dexter.R$styleable: int SwitchCompat_android_thumb
com.google.zxing.qrcode.decoder.DataMask: com.google.zxing.qrcode.decoder.DataMask valueOf(java.lang.String)