DTMS_v2/build/outputs/mapping/release/mapping.txt
# compiler: R8
# compiler_version: 2.1.75
# min_api: 21
# pg_map_id: 4211249
# common_typos_disable
com.neognp.dtmsapp_v1.admin.DispatchListActivity -> com.neognp.dtmsapp_v1.admin.DispatchListActivity:
    java.util.Calendar curCal -> A
    com.neognp.dtmsapp_v1.admin.DispatchListActivity$ListAdapter listAdapter -> G
    androidx.drawerlayout.widget.DrawerLayout dLayout -> C
    androidx.recyclerview.widget.RecyclerView list -> F
    androidx.swiperefreshlayout.widget.SwipeRefreshLayout swipeRefreshLayout -> E
    java.util.Calendar fromCal -> y
    java.util.Calendar toCal -> z
    boolean onReq -> x
    java.util.ArrayList listItems -> D
    boolean isListPullUp -> H
    android.widget.Button btnDate -> B
    void access$000(com.neognp.dtmsapp_v1.admin.DispatchListActivity) -> U
    void access$100(com.neognp.dtmsapp_v1.admin.DispatchListActivity) -> V
    java.util.Calendar access$1000(com.neognp.dtmsapp_v1.admin.DispatchListActivity) -> W
    android.widget.Button access$1100(com.neognp.dtmsapp_v1.admin.DispatchListActivity) -> X
    boolean access$1202(com.neognp.dtmsapp_v1.admin.DispatchListActivity,boolean) -> Y
    androidx.swiperefreshlayout.widget.SwipeRefreshLayout access$1300(com.neognp.dtmsapp_v1.admin.DispatchListActivity) -> Z
    java.util.ArrayList access$1400(com.neognp.dtmsapp_v1.admin.DispatchListActivity) -> a0
    java.lang.String access$300(com.neognp.dtmsapp_v1.admin.DispatchListActivity) -> b0
    boolean access$400(com.neognp.dtmsapp_v1.admin.DispatchListActivity) -> c0
com.neognp.dtmsapp_v1.admin.DispatchListActivity$1 -> com.neognp.dtmsapp_v1.admin.DispatchListActivity$a:
    com.neognp.dtmsapp_v1.admin.DispatchListActivity this$0 -> b
com.neognp.dtmsapp_v1.admin.DispatchListActivity$2 -> com.neognp.dtmsapp_v1.admin.DispatchListActivity$b:
    com.neognp.dtmsapp_v1.admin.DispatchListActivity this$0 -> a
    void onRefresh() -> a
com.neognp.dtmsapp_v1.admin.DispatchListActivity$3 -> com.neognp.dtmsapp_v1.admin.DispatchListActivity$c:
    androidx.recyclerview.widget.LinearLayoutManager val$layoutManager -> a
    com.neognp.dtmsapp_v1.admin.DispatchListActivity this$0 -> b
    void onScrollStateChanged(androidx.recyclerview.widget.RecyclerView,int) -> a
    void onScrolled(androidx.recyclerview.widget.RecyclerView,int,int) -> b
com.neognp.dtmsapp_v1.admin.DispatchListActivity$4 -> com.neognp.dtmsapp_v1.admin.DispatchListActivity$d:
    com.neognp.dtmsapp_v1.admin.DispatchListActivity this$0 -> a
com.neognp.dtmsapp_v1.admin.DispatchListActivity$5 -> com.neognp.dtmsapp_v1.admin.DispatchListActivity$e:
    com.neognp.dtmsapp_v1.admin.DispatchListActivity this$0 -> a
    android.os.Bundle doInBackground(java.lang.Void[]) -> a
    void onPostExecute(android.os.Bundle) -> b
com.neognp.dtmsapp_v1.admin.DispatchListActivity$ListAdapter -> com.neognp.dtmsapp_v1.admin.DispatchListActivity$f:
    com.neognp.dtmsapp_v1.admin.DispatchListActivity this$0 -> c
    int getItemCount() -> c
    int getItemViewType(int) -> e
    void onBindViewHolder(androidx.recyclerview.widget.RecyclerView$ViewHolder,int) -> k
    androidx.recyclerview.widget.RecyclerView$ViewHolder onCreateViewHolder(android.view.ViewGroup,int) -> m
com.neognp.dtmsapp_v1.admin.DispatchListActivity$ListAdapter$ItemViewHolder -> com.neognp.dtmsapp_v1.admin.DispatchListActivity$f$a:
    void onBindViewData(android.os.Bundle) -> M
com.neognp.dtmsapp_v1.admin.DispatchListActivity$ListAdapter$ListItemView -> com.neognp.dtmsapp_v1.admin.DispatchListActivity$f$b:
    com.neognp.dtmsapp_v1.admin.DispatchListActivity$ListAdapter this$1 -> t
    void onBindViewData(android.os.Bundle) -> M
...
com.google.android.gms.common.api.internal.ApiKey -> com.google.android.gms.common.api.internal.b:
    com.google.android.gms.common.api.Api$ApiOptions zad -> c
    int zab -> a
    com.google.android.gms.common.api.Api zac -> b
    java.lang.String getApiName() -> a
    com.google.android.gms.common.api.internal.ApiKey getSharedApiKey(com.google.android.gms.common.api.Api,com.google.android.gms.common.api.Api$ApiOptions) -> b
com.google.android.gms.common.api.internal.BackgroundDetector -> com.google.android.gms.common.api.internal.c:
    java.util.concurrent.atomic.AtomicBoolean zzc -> c
    java.util.concurrent.atomic.AtomicBoolean zzb -> b
    boolean zze -> e
    java.util.ArrayList zzd -> d
    com.google.android.gms.common.api.internal.BackgroundDetector zza -> f
    void addListener(com.google.android.gms.common.api.internal.BackgroundDetector$BackgroundStateChangeListener) -> a
    com.google.android.gms.common.api.internal.BackgroundDetector getInstance() -> b
    void initialize(android.app.Application) -> c
    boolean isInBackground() -> d
    boolean readCurrentStateIfPossible(boolean) -> e
    void zza(boolean) -> f
com.google.android.gms.common.api.internal.BackgroundDetector$BackgroundStateChangeListener -> com.google.android.gms.common.api.internal.c$a:
    void onBackgroundStateChanged(boolean) -> a
com.google.android.gms.common.api.internal.BaseImplementation$ApiMethodImpl -> com.google.android.gms.common.api.internal.d:
    void doExecute(com.google.android.gms.common.api.Api$AnyClient) -> m
    void onSetFailedResult(com.google.android.gms.common.api.Result) -> n
    void run(com.google.android.gms.common.api.Api$AnyClient) -> o
    void setFailedResult(android.os.RemoteException) -> p
    void setFailedResult(com.google.android.gms.common.api.Status) -> q
com.google.android.gms.common.api.internal.BasePendingResult -> com.google.android.gms.common.api.internal.BasePendingResult:
    boolean zak -> i
    com.google.android.gms.common.api.Status zaj -> h
    boolean zal -> j
    boolean zam -> k
    boolean zap -> l
    java.util.ArrayList zaf -> d
    com.google.android.gms.common.api.internal.BasePendingResult$CallbackHandler zac -> b
    com.google.android.gms.common.api.ResultCallback zag -> e
    java.lang.ThreadLocal zaa -> m
    java.util.concurrent.atomic.AtomicReference zah -> f
    com.google.android.gms.common.api.Result zai -> g
    java.lang.Object zab -> a
    java.util.concurrent.CountDownLatch zae -> c
    void addStatusListener(com.google.android.gms.common.api.PendingResult$StatusListener) -> a
    com.google.android.gms.common.api.Result createFailedResult(com.google.android.gms.common.api.Status) -> b
    void forceFailureUnlessReady(com.google.android.gms.common.api.Status) -> c
    boolean isReady() -> d
    void setResult(com.google.android.gms.common.api.Result) -> e
    com.google.android.gms.common.api.Result zaa(com.google.android.gms.common.api.internal.BasePendingResult) -> f
    com.google.android.gms.common.api.ResultCallback zaa(com.google.android.gms.common.api.ResultCallback) -> g
    void zaa(com.google.android.gms.common.api.Result) -> h
    com.google.android.gms.common.api.ResultCallback zab(com.google.android.gms.common.api.ResultCallback) -> i
    void zab() -> j
com.google.android.gms.common.api.internal.BasePendingResult$CallbackHandler -> com.google.android.gms.common.api.internal.BasePendingResult$a:
    void zaa(com.google.android.gms.common.api.ResultCallback,com.google.android.gms.common.api.Result) -> a
com.google.android.gms.common.api.internal.BasePendingResult$zaa -> com.google.android.gms.common.api.internal.BasePendingResult$b:
    com.google.android.gms.common.api.internal.BasePendingResult zaa -> a
com.google.android.gms.common.api.internal.ConnectionCallbacks -> com.google.android.gms.common.api.internal.e: