DTMS_v2/build/outputs/mapping/release/usage.txt
com.neognp.dtmsapp_v1.login.LoginActivity$4
com.neognp.dtmsapp_v1.popup.LocationInfoDialog:
    public void onBackPressed()
    private java.lang.String leftBtnStr
    private java.lang.String rightBtnStr
com.neognp.dtmsapp_v1.http.FileUploadTask
com.neognp.dtmsapp_v1.car.LoadListActivity:
    private android.widget.Button btnPrevDate
    private android.widget.Button btnNextDate
    private com.neognp.dtmsapp_v1.gps.GpsTrackingService mGpsTrackingService
    private boolean onReqGpsTransmitCheck
com.neognp.dtmsapp_v1.popup.PopPallet$ListAdapter:
    static final int TYPE_LIST_ITEM
com.neognp.dtmsapp_v1.popup.LocationInfoDialog$DialogListener:
    public abstract void onCancel()
com.neognp.dtmsapp_v1.R$plurals
com.neognp.dtmsapp_v1.R$string
com.neognp.dtmsapp_v1.R$styleable
com.neognp.dtmsapp_v1.car.ReceiptCameraFragment$ErrorDialog:
    private static final java.lang.String ARG_MESSAGE
com.neognp.dtmsapp_v1.car.AutoFitTextureView:
    public void <init>(android.content.Context)
    private android.graphics.Matrix setupTransform(int,int,int,int)
com.neognp.dtmsapp_v1.admin.DispatchListActivity$ListAdapter:
    static final int TYPE_LIST_ITEM
com.neognp.dtmsapp_v1.fcm.MyFirebaseMessagingService:
    private android.os.Handler handler
com.neognp.dtmsapp_v1.app.API
com.neognp.dtmsapp_v1.R$integer
com.neognp.dtmsapp_v1.car.PalletCameraFragment$8
com.neognp.dtmsapp_v1.R$attr
com.neognp.dtmsapp_v1.popup.PopItem$ListAdapter:
    static final int TYPE_LIST_ITEM
com.neognp.dtmsapp_v1.car.YDispatchListActivity:
    private void stopGpsTrackingService()
    private android.widget.Button btnPrevDate
    private android.widget.Button btnNextDate
com.neognp.dtmsapp_v1.popup.ConfirmDialog
com.neognp.dtmsapp_v1.car.PalletCameraFragment$ErrorDialog:
    private static final java.lang.String ARG_MESSAGE
com.neognp.dtmsapp_v1.popup.ConfirmDialog$DialogListener
com.neognp.dtmsapp_v1.car.PalletCameraFragment$ImageSaver
com.neognp.dtmsapp_v1.car.RecordListActivity$ListAdapter:
    static final int TYPE_LIST_ITEM
com.neognp.dtmsapp_v1.R$style
com.neognp.dtmsapp_v1.car.LocationActivity:
    public float getZoomLevel()
com.neognp.dtmsapp_v1.cust.OrderActivity$ListAdapter:
    static final int TYPE_LIST_ITEM
com.neognp.dtmsapp_v1.popup.ConfirmCancelDialog:
    public void <init>(java.lang.String,boolean,com.neognp.dtmsapp_v1.popup.ConfirmCancelDialog$DialogListener)
    public static com.neognp.dtmsapp_v1.popup.ConfirmCancelDialog show(android.app.Activity,java.lang.String,boolean,com.neognp.dtmsapp_v1.popup.ConfirmCancelDialog$DialogListener)
com.neognp.dtmsapp_v1.cust.DispatchListActivity$ListAdapter:
    static final int TYPE_LIST_ITEM
com.neognp.dtmsapp_v1.R$raw
com.neognp.dtmsapp_v1.R$bool
com.neognp.dtmsapp_v1.R$interpolator
com.neognp.dtmsapp_v1.car.PalletCameraActivity:
    private void dispatchPicImageIntent()
    public void onStartUpload()
    public void onProgressUpload(float)
    public void onFinishUpload(android.os.Bundle)
    public void onCancelUpload()
    private static final int REQ_PICK_IMAGE
com.neognp.dtmsapp_v1.popup.ConfirmDialog$1
com.neognp.dtmsapp_v1.popup.PopPallet:
    private android.widget.EditText clientNm
    public static final int RESULT_INPUT_PALLETS_COUNT
com.neognp.dtmsapp_v1.car.PalletInActivity:
    private java.util.Calendar fromCal
    private java.util.Calendar toCal
    private android.widget.Button btnPrevDate
    private android.widget.Button btnNextDate
    public static final int RESULT_INPUT_PALLETS_COUNT
    private static final int REQ_PICK_IMAGE
com.neognp.dtmsapp_v1.cust.OrderNewActivity:
    public static final int CLIENT_REQUEST
...
androidx.constraintlayout.widget.VirtualLayout:
    public void <init>(android.content.Context)
    public void <init>(android.content.Context,android.util.AttributeSet)
    public void <init>(android.content.Context,android.util.AttributeSet,int)
com.google.android.gms.flags.Flag:
    public static com.google.android.gms.flags.Flag$IntegerFlag define(int,java.lang.String,int)
    public static com.google.android.gms.flags.Flag$LongFlag define(int,java.lang.String,long)
    public static com.google.android.gms.flags.Flag$StringFlag define(int,java.lang.String,java.lang.String)
    public final java.lang.String getKey()
    public final java.lang.Object zzb()
    public java.lang.Object get()
    public final int getSource()
    protected abstract java.lang.Object zza(com.google.android.gms.flags.zzc)
com.google.android.gms.common.api.ResultCallbacks
androidx.camera.core.VideoCapture$1
com.google.android.gms.common.api.internal.LifecycleFragment:
    public abstract boolean isCreated()
    public abstract boolean isStarted()
com.google.firebase.installations.remote.AutoValue_InstallationResponse$Builder:
    private void <init>(com.google.firebase.installations.remote.InstallationResponse)
    synthetic void <init>(com.google.firebase.installations.remote.InstallationResponse,com.google.firebase.installations.remote.AutoValue_InstallationResponse$1)
android.support.v4.media.session.MediaSessionCompatApi21$QueueItem:
    public static java.lang.Object createItem(java.lang.Object,long)
    private void <init>()
androidx.core.view.KeyEventDispatcher:
    private void <init>()
androidx.viewpager2.R$color
kotlin.collections.MapsKt
android.support.v4.media.session.MediaControllerCompatApi21$PlaybackInfo:
    public static int getPlaybackType(java.lang.Object)
    public static int getVolumeControl(java.lang.Object)
    public static int getMaxVolume(java.lang.Object)
    public static int getCurrentVolume(java.lang.Object)
    private void <init>()
    private static final int FLAG_SCO
    private static final int STREAM_BLUETOOTH_SCO
    private static final int STREAM_SYSTEM_ENFORCED
com.google.android.gms.common.internal.service.zag
kotlin.NumbersKt__BigDecimalsKt
kotlin.UInt$Companion
com.google.android.gms.internal.vision.zzhe:
    public abstract com.google.android.gms.internal.vision.zzhe zza()
    public abstract com.google.android.gms.internal.vision.zzhe zza(com.google.android.gms.internal.vision.zzif,com.google.android.gms.internal.vision.zzio)
    public synthetic java.lang.Object clone()
com.google.android.material.R$plurals
androidx.camera.camera2.internal.SynchronizedCaptureSessionOpener
com.google.android.gms.internal.mlkit_vision_barcode.zzbb
com.google.zxing.pdf417.encoder.Compaction
com.google.android.gms.phenotype.zzr
com.otaliastudios.cameraview.video.encoding.TextureMediaEncoder
androidx.camera.core.CaptureBundles
com.google.android.gms.maps.MapFragment$zzb
com.google.android.material.transition.platform.FadeModeResult
androidx.camera.camera2.internal.AndroidRZoomImpl
com.google.android.gms.common.internal.zak
androidx.coordinatorlayout.R$dimen
com.google.android.gms.internal.mlkit_vision_barcode.zzap
com.google.android.gms.internal.mlkit_common.zzen
com.bumptech.glide.manager.EmptyRequestManagerTreeNode
com.bumptech.glide.load.data.ParcelFileDescriptorRewinder$Factory
com.google.android.gms.vision_common.R
com.google.android.gms.internal.mlkit_vision_barcode.zzmb
androidx.camera.core.internal.ViewPorts
com.google.android.gms.phenotype.PhenotypeFlag$Factory
androidx.camera.camera2.internal.Camera2CameraImpl$ControlUpdateListenerInternal
com.bumptech.glide.request.transition.NoTransition$NoAnimationFactory
com.google.android.gms.internal.mlkit_vision_barcode.zzbs
androidx.media.VolumeProviderCompatApi21
com.google.android.gms.internal.measurement.zzhi$zza:
    void <init>()
com.bumptech.glide.provider.ResourceEncoderRegistry
com.google.android.material.switchmaterial.SwitchMaterial